<?xml version="1.0" encoding="UTF-8"?>
<testsuite xmlns:xsi="http://www.w3.org/2001/XMLSchema-instance" xsi:noNamespaceSchemaLocation="https://maven.apache.org/surefire/maven-surefire-plugin/xsd/surefire-test-report-3.0.xsd" version="3.0" name="runner.ScotiaTest" time="44.346" tests="1" errors="0" skipped="0" failures="0">
  <properties>
[...]
</properties>
  <testcase name="Scotia bank login Test Scenario" classname="Scotia bank login" time="43.664">
    <system-out><![CDATA[
Scenario: Scotia bank login Test Scenario            # src/test/java/feature/login.feature:24
  Given user already on Login Page                   # stepDefination.LoginStepsDefinition.user_already_on_login_page()
  When title of login page is "Sign in | Scotiabank" # stepDefination.LoginStepsDefinition.title_of_login_page_is(java.lang.String)
  Then user enters "dgfuysdgf@" and "gsgsfusfsnfs"   # stepDefination.LoginStepsDefinition.user_enters_and(java.lang.String,java.lang.String)
  Then user clicks on login button                   # stepDefination.LoginStepsDefinition.user_clicks_on_login_button()
Please enter a username or card number without special characters.
  Then user get error message                        # stepDefination.LoginStepsDefinition.user_get_error_message()
  Then user quit                                     # stepDefination.LoginStepsDefinition.user_quit()
]]></system-out>
    <system-err><![CDATA[1650841005146	geckodriver	INFO	Listening on 127.0.0.1:19812
1650841005883	mozrunner::runner	INFO	Running command: "C:\\Program Files\\Mozilla Firefox\\firefox.exe" "--marionette" "-no-remote" "-profile" "C:\\Users\\Owner\\AppData\\Local\\Temp\\rust_mozprofileSigmhP"
1650841007040	Marionette	INFO	Marionette enabled
console.warn: SearchSettings: "get: No settings file exists, new profile?" (new NotFoundError("Could not open the file at C:\\Users\\Owner\\AppData\\Local\\Temp\\rust_mozprofileSigmhP\\search.json.mozlz4", (void 0)))
1650841014583	Marionette	INFO	Listening on port 64999
1650841015030	RemoteAgent	WARN	TLS certificate errors will be ignored for this session
Apr 24, 2022 6:56:55 PM org.openqa.selenium.remote.ProtocolHandshake createSession
INFO: Detected dialect: W3C
JavaScript warning: https://auth.scotiaonline.scotiabank.com/wzsqLjSuZ97LhyUDa8sWG04_pr8/c7OJwmbSiY/KBgHAQ/LU9b/WH5jdV4, line 1: WEBGL_debug_renderer_info is deprecated in Firefox and will be removed. Please use RENDERER.
console.warn: LoginRecipes: "getRecipes: falling back to a synchronous message for:" "https://auth.scotiaonline.scotiabank.com"
1650841045153	Marionette	INFO	Stopped listening on port 64999

###!!! [Child][PContentChild] Error: Send(msgname=PContent::Msg_InsertNewFocusActionId) Closed channel: cannot send/recv


###!!! [Child][PContentChild] Error: Send(msgname=PContent::Msg_RemoveDynEntriesFromActiveSessionHistoryEntry) Closed channel: cannot send/recv


###!!! [Child][PContentChild] Error: Send(msgname=PContent::Msg_SynchronizeLayoutHistoryState) Closed channel: cannot send/recv


###!!! [Child][PContentChild] Error: Send(msgname=PContent::Msg_DiscardBrowsingContext) Closed channel: cannot send/recv


###!!! [Parent][PContentParent] Error: Send(msgname=PContent::Msg_DestroyBrowsingContextGroup) Closed channel: cannot send/recv


###!!! [Child][PContentChild] Error: Send(msgname=PBrowser::Msg___delete__) Channel closing: too late to send/recv, messages will be lost

]]></system-err>
  </testcase>
</testsuite>